[2022-10-07 07:06:30] [DEBUG] [server] -> Running socket server on 0.0.0.0:7890
[2022-10-07 07:06:34] [DEBUG] [server] -> Server received:
{
    "action": "presence",
    "time": "Fri Oct  7 07:06:34 2022",
    "type": "status",
    "user": {
        "account_name": "guest",
        "status": "online"
    }
}
[2022-10-07 07:06:34] [DEBUG] [server] -> Server sends:
{
    "response": 200
}
[2022-10-07 07:06:34] [DEBUG] [server] -> Server received:
{
    "action": "exit"
}
[2022-10-07 07:06:34] [DEBUG] [server] -> Server sends:
{
    "response": 200
}
[2022-10-07 07:09:35] [DEBUG] [server] -> Running socket server on 0.0.0.0:7890
[2022-10-07 07:17:37] [DEBUG] [server] -> Server received:
{
    "action": "presence",
    "time": "Fri Oct  7 07:17:37 2022",
    "type": "status",
    "user": {
        "account_name": "guest",
        "status": "online"
    }
}
[2022-10-07 07:17:37] [DEBUG] [server] -> Server sends:
{
    "response": 200
}
[2022-10-07 07:17:37] [DEBUG] [server] -> Server received:
{
    "action": "exit"
}
[2022-10-07 07:17:37] [DEBUG] [server] -> Server sends:
{
    "response": 200
}
